<?xml version="1.0" encoding="UTF-8"?>
<testsuite name="com.ipiecoles.java.java230.repository.EmployeRepositoryTest" time="0" tests="10" errors="10" skipped="0" failures="0">
  <properties>
    <property name="java.runtime.name" value="Java(TM) SE Runtime Environment"/>
    <property name="sun.boot.library.path" value="C:\Program Files\Java\jdk1.8.0_152\jre\bin"/>
    <property name="java.vm.version" value="25.152-b16"/>
    <property name="java.vm.vendor" value="Oracle Corporation"/>
    <property name="maven.multiModuleProjectDirectory" value="C:\Users\IPI\Desktop\ipi-java-230-ex"/>
    <property name="java.vendor.url" value="http://java.oracle.com/"/>
    <property name="path.separator" value=";"/>
    <property name="guice.disable.misplaced.annotation.check" value="true"/>
    <property name="java.vm.name" value="Java HotSpot(TM) 64-Bit Server VM"/>
    <property name="file.encoding.pkg" value="sun.io"/>
    <property name="user.script" value=""/>
    <property name="user.country" value="FR"/>
    <property name="sun.java.launcher" value="SUN_STANDARD"/>
    <property name="sun.os.patch.level" value=""/>
    <property name="java.vm.specification.name" value="Java Virtual Machine Specification"/>
    <property name="user.dir" value="C:\Users\IPI\Desktop\ipi-java-230-ex"/>
    <property name="java.runtime.version" value="1.8.0_152-b16"/>
    <property name="java.awt.graphicsenv" value="sun.awt.Win32GraphicsEnvironment"/>
    <property name="java.endorsed.dirs" value="C:\Program Files\Java\jdk1.8.0_152\jre\lib\endorsed"/>
    <property name="os.arch" value="amd64"/>
    <property name="java.io.tmpdir" value="C:\Users\IPI\AppData\Local\Temp\"/>
    <property name="line.separator" value="&#10;"/>
    <property name="java.vm.specification.vendor" value="Oracle Corporation"/>
    <property name="user.variant" value=""/>
    <property name="os.name" value="Windows 10"/>
    <property name="maven.ext.class.path" value="C:\Program Files\JetBrains\IntelliJ IDEA Community Edition 2019.2.4\plugins\maven\lib\maven-event-listener.jar"/>
    <property name="classworlds.conf" value="C:\Program Files\JetBrains\IntelliJ IDEA Community Edition 2019.2.4\plugins\maven\lib\maven3\bin\m2.conf"/>
    <property name="sun.jnu.encoding" value="Cp1252"/>
    <property name="java.library.path" value="C:\Program Files\Java\jdk1.8.0_152\bin;C:\WINDOWS\Sun\Java\bin;C:\WINDOWS\system32;C:\WINDOWS;C:\ProgramData\Oracle\Java\javapath;C:\Program Files (x86)\Intel\iCLS Client\;C:\Program Files\Intel\iCLS Client\;C:\windows\system32;C:\windows;C:\windows\System32\Wbem;C:\windows\System32\WindowsPowerShell\v1.0\;C:\Program Files (x86)\Intel\Intel(R) Management Engine Components\DAL;C:\Program Files\Intel\Intel(R) Management Engine Components\DAL;C:\Program Files (x86)\Intel\Intel(R) Management Engine Components\IPT;C:\Program Files\Intel\Intel(R) Management Engine Components\IPT;C:\Program Files (x86)\NVIDIA Corporation\PhysX\Common;C:\Program Files (x86)\GtkSharp\2.12\bin;C:\WINDOWS\system32;C:\WINDOWS;C:\WINDOWS\System32\Wbem;C:\WINDOWS\System32\WindowsPowerShell\v1.0\;C:\Program Files\dotnet\;C:\Program Files\Microsoft SQL Server\130\Tools\Binn\;C:\WINDOWS\System32\OpenSSH\;D:\wamp64\bin\php\php7.1.9;C:\ProgramData\ComposerSetup\bin;C:\Program Files\nodejs\;C:\Users\IPI\AppData\Local\Programs\Python\Python38-32;C:\Users\IPI\AppData\Local\Programs\Python\Python38-32\Scripts;D:\IPI_USER\Microsoft VS Code\bin;C:\Program Files\JetBrains\IntelliJ IDEA Community Edition 2019.2.4\bin;C:\Users\IPI\AppData\Local\GitHubDesktop\bin;C:\Users\IPI\AppData\Roaming\npm;."/>
    <property name="maven.conf" value="C:\Program Files\JetBrains\IntelliJ IDEA Community Edition 2019.2.4\plugins\maven\lib\maven3/conf"/>
    <property name="java.specification.name" value="Java Platform API Specification"/>
    <property name="java.class.version" value="52.0"/>
    <property name="sun.management.compiler" value="HotSpot 64-Bit Tiered Compilers"/>
    <property name="os.version" value="10.0"/>
    <property name="idea.version2019.3.1" value="true"/>
    <property name="user.home" value="C:\Users\IPI"/>
    <property name="user.timezone" value="Europe/Paris"/>
    <property name="java.awt.printerjob" value="sun.awt.windows.WPrinterJob"/>
    <property name="java.specification.version" value="1.8"/>
    <property name="file.encoding" value="UTF-8"/>
    <property name="user.name" value="IPI"/>
    <property name="java.class.path" value="C:\Program Files\JetBrains\IntelliJ IDEA Community Edition 2019.2.4\plugins\maven\lib\maven3\boot\plexus-classworlds-2.6.0.jar;C:\Program Files\JetBrains\IntelliJ IDEA Community Edition 2019.2.4\lib\idea_rt.jar"/>
    <property name="java.vm.specification.version" value="1.8"/>
    <property name="sun.arch.data.model" value="64"/>
    <property name="java.home" value="C:\Program Files\Java\jdk1.8.0_152\jre"/>
    <property name="sun.java.command" value="org.codehaus.classworlds.Launcher -Didea.version2019.3.1 install"/>
    <property name="java.specification.vendor" value="Oracle Corporation"/>
    <property name="user.language" value="fr"/>
    <property name="awt.toolkit" value="sun.awt.windows.WToolkit"/>
    <property name="java.vm.info" value="mixed mode"/>
    <property name="java.version" value="1.8.0_152"/>
    <property name="java.ext.dirs" value="C:\Program Files\Java\jdk1.8.0_152\jre\lib\ext;C:\WINDOWS\Sun\Java\lib\ext"/>
    <property name="sun.boot.class.path" value="C:\Program Files\Java\jdk1.8.0_152\jre\lib\resources.jar;C:\Program Files\Java\jdk1.8.0_152\jre\lib\rt.jar;C:\Program Files\Java\jdk1.8.0_152\jre\lib\sunrsasign.jar;C:\Program Files\Java\jdk1.8.0_152\jre\lib\jsse.jar;C:\Program Files\Java\jdk1.8.0_152\jre\lib\jce.jar;C:\Program Files\Java\jdk1.8.0_152\jre\lib\charsets.jar;C:\Program Files\Java\jdk1.8.0_152\jre\lib\jfr.jar;C:\Program Files\Java\jdk1.8.0_152\jre\classes"/>
    <property name="java.vendor" value="Oracle Corporation"/>
    <property name="maven.home" value="C:\Program Files\JetBrains\IntelliJ IDEA Community Edition 2019.2.4\plugins\maven\lib\maven3"/>
    <property name="file.separator" value="\"/>
    <property name="java.vendor.url.bug" value="http://bugreport.sun.com/bugreport/"/>
    <property name="sun.cpu.endian" value="little"/>
    <property name="sun.io.unicode.encoding" value="UnicodeLittle"/>
    <property name="sun.desktop" value="windows"/>
    <property name="sun.cpu.isalist" value="amd64"/>
  </properties>
  <testcase name="exo404testNatif" classname="com.ipiecoles.java.java230.repository.EmployeRepositoryTest" time="0">
    <error message="com.ipiecoles.java.java230.repository.EmployeRepository" type="java.lang.ClassNotFoundException">java.lang.ClassNotFoundException: com.ipiecoles.java.java230.repository.EmployeRepository
	at java.net.URLClassLoader.findClass(URLClassLoader.java:381)
	at java.lang.ClassLoader.loadClass(ClassLoader.java:424)
	at sun.misc.Launcher$AppClassLoader.loadClass(Launcher.java:338)
	at java.lang.ClassLoader.loadClass(ClassLoader.java:357)
	at java.lang.Class.forName0(Native Method)
	at java.lang.Class.forName(Class.java:264)
	at com.ipiecoles.java.java230.utils.TestUtils.getClasse(TestUtils.java:165)
	at com.ipiecoles.java.java230.utils.TestUtils.checkMethod(TestUtils.java:151)
	at com.ipiecoles.java.java230.repository.EmployeRepositoryTest.exo404testNatif(EmployeRepositoryTest.java:112)
</error>
  </testcase>
  <testcase name="exo403testJpql" classname="com.ipiecoles.java.java230.repository.EmployeRepositoryTest" time="0">
    <error message="com.ipiecoles.java.java230.repository.EmployeRepository" type="java.lang.ClassNotFoundException">java.lang.ClassNotFoundException: com.ipiecoles.java.java230.repository.EmployeRepository
	at java.net.URLClassLoader.findClass(URLClassLoader.java:381)
	at java.lang.ClassLoader.loadClass(ClassLoader.java:424)
	at sun.misc.Launcher$AppClassLoader.loadClass(Launcher.java:338)
	at java.lang.ClassLoader.loadClass(ClassLoader.java:357)
	at java.lang.Class.forName0(Native Method)
	at java.lang.Class.forName(Class.java:264)
	at com.ipiecoles.java.java230.utils.TestUtils.getClasse(TestUtils.java:165)
	at com.ipiecoles.java.java230.utils.TestUtils.checkMethod(TestUtils.java:151)
	at com.ipiecoles.java.java230.repository.EmployeRepositoryTest.exo403testJpql(EmployeRepositoryTest.java:97)
</error>
  </testcase>
  <testcase name="exo201testCrudRepository" classname="com.ipiecoles.java.java230.repository.EmployeRepositoryTest" time="0">
    <error message="com.ipiecoles.java.java230.repository.EmployeRepository" type="java.lang.ClassNotFoundException">java.lang.ClassNotFoundException: com.ipiecoles.java.java230.repository.EmployeRepository
	at java.net.URLClassLoader.findClass(URLClassLoader.java:381)
	at java.lang.ClassLoader.loadClass(ClassLoader.java:424)
	at sun.misc.Launcher$AppClassLoader.loadClass(Launcher.java:338)
	at java.lang.ClassLoader.loadClass(ClassLoader.java:357)
	at java.lang.Class.forName0(Native Method)
	at java.lang.Class.forName(Class.java:264)
	at com.ipiecoles.java.java230.utils.TestUtils.getClasse(TestUtils.java:165)
	at com.ipiecoles.java.java230.utils.TestUtils.checkImplementInterface(TestUtils.java:389)
	at com.ipiecoles.java.java230.repository.EmployeRepositoryTest.exo201testCrudRepository(EmployeRepositoryTest.java:15)
</error>
  </testcase>
  <testcase name="exo411testRequete" classname="com.ipiecoles.java.java230.repository.EmployeRepositoryTest" time="0">
    <error message="com.ipiecoles.java.java230.repository.EmployeRepository" type="java.lang.ClassNotFoundException">java.lang.ClassNotFoundException: com.ipiecoles.java.java230.repository.EmployeRepository
	at java.net.URLClassLoader.findClass(URLClassLoader.java:381)
	at java.lang.ClassLoader.loadClass(ClassLoader.java:424)
	at sun.misc.Launcher$AppClassLoader.loadClass(Launcher.java:338)
	at java.lang.ClassLoader.loadClass(ClassLoader.java:357)
	at java.lang.Class.forName0(Native Method)
	at java.lang.Class.forName(Class.java:264)
	at com.ipiecoles.java.java230.utils.TestUtils.getClasse(TestUtils.java:165)
	at com.ipiecoles.java.java230.utils.TestUtils.checkMethod(TestUtils.java:151)
	at com.ipiecoles.java.java230.repository.EmployeRepositoryTest.exo411testRequete(EmployeRepositoryTest.java:24)
</error>
  </testcase>
  <testcase name="exo412testRequete" classname="com.ipiecoles.java.java230.repository.EmployeRepositoryTest" time="0">
    <error message="com.ipiecoles.java.java230.repository.EmployeRepository" type="java.lang.ClassNotFoundException">java.lang.ClassNotFoundException: com.ipiecoles.java.java230.repository.EmployeRepository
	at java.net.URLClassLoader.findClass(URLClassLoader.java:381)
	at java.lang.ClassLoader.loadClass(ClassLoader.java:424)
	at sun.misc.Launcher$AppClassLoader.loadClass(Launcher.java:338)
	at java.lang.ClassLoader.loadClass(ClassLoader.java:357)
	at java.lang.Class.forName0(Native Method)
	at java.lang.Class.forName(Class.java:264)
	at com.ipiecoles.java.java230.utils.TestUtils.getClasse(TestUtils.java:165)
	at com.ipiecoles.java.java230.utils.TestUtils.checkMethod(TestUtils.java:151)
	at com.ipiecoles.java.java230.repository.EmployeRepositoryTest.exo412testRequete(EmployeRepositoryTest.java:34)
</error>
  </testcase>
  <testcase name="exo413testRequete" classname="com.ipiecoles.java.java230.repository.EmployeRepositoryTest" time="0">
    <error message="com.ipiecoles.java.java230.repository.EmployeRepository" type="java.lang.ClassNotFoundException">java.lang.ClassNotFoundException: com.ipiecoles.java.java230.repository.EmployeRepository
	at java.net.URLClassLoader.findClass(URLClassLoader.java:381)
	at java.lang.ClassLoader.loadClass(ClassLoader.java:424)
	at sun.misc.Launcher$AppClassLoader.loadClass(Launcher.java:338)
	at java.lang.ClassLoader.loadClass(ClassLoader.java:357)
	at java.lang.Class.forName0(Native Method)
	at java.lang.Class.forName(Class.java:264)
	at com.ipiecoles.java.java230.utils.TestUtils.getClasse(TestUtils.java:165)
	at com.ipiecoles.java.java230.utils.TestUtils.checkMethod(TestUtils.java:151)
	at com.ipiecoles.java.java230.repository.EmployeRepositoryTest.exo413testRequete(EmployeRepositoryTest.java:44)
</error>
  </testcase>
  <testcase name="exo414testRequete" classname="com.ipiecoles.java.java230.repository.EmployeRepositoryTest" time="0">
    <error message="com.ipiecoles.java.java230.repository.EmployeRepository" type="java.lang.ClassNotFoundException">java.lang.ClassNotFoundException: com.ipiecoles.java.java230.repository.EmployeRepository
	at java.net.URLClassLoader.findClass(URLClassLoader.java:381)
	at java.lang.ClassLoader.loadClass(ClassLoader.java:424)
	at sun.misc.Launcher$AppClassLoader.loadClass(Launcher.java:338)
	at java.lang.ClassLoader.loadClass(ClassLoader.java:357)
	at java.lang.Class.forName0(Native Method)
	at java.lang.Class.forName(Class.java:264)
	at com.ipiecoles.java.java230.utils.TestUtils.getClasse(TestUtils.java:165)
	at com.ipiecoles.java.java230.utils.TestUtils.checkMethod(TestUtils.java:151)
	at com.ipiecoles.java.java230.repository.EmployeRepositoryTest.exo414testRequete(EmployeRepositoryTest.java:54)
</error>
  </testcase>
  <testcase name="exo415testRequete" classname="com.ipiecoles.java.java230.repository.EmployeRepositoryTest" time="0">
    <error message="com.ipiecoles.java.java230.repository.EmployeRepository" type="java.lang.ClassNotFoundException">java.lang.ClassNotFoundException: com.ipiecoles.java.java230.repository.EmployeRepository
	at java.net.URLClassLoader.findClass(URLClassLoader.java:381)
	at java.lang.ClassLoader.loadClass(ClassLoader.java:424)
	at sun.misc.Launcher$AppClassLoader.loadClass(Launcher.java:338)
	at java.lang.ClassLoader.loadClass(ClassLoader.java:357)
	at java.lang.Class.forName0(Native Method)
	at java.lang.Class.forName(Class.java:264)
	at com.ipiecoles.java.java230.utils.TestUtils.getClasse(TestUtils.java:165)
	at com.ipiecoles.java.java230.utils.TestUtils.checkMethod(TestUtils.java:151)
	at com.ipiecoles.java.java230.repository.EmployeRepositoryTest.exo415testRequete(EmployeRepositoryTest.java:64)
</error>
  </testcase>
  <testcase name="exo416testRequete" classname="com.ipiecoles.java.java230.repository.EmployeRepositoryTest" time="0">
    <error message="com.ipiecoles.java.java230.repository.EmployeRepository" type="java.lang.ClassNotFoundException">java.lang.ClassNotFoundException: com.ipiecoles.java.java230.repository.EmployeRepository
	at java.net.URLClassLoader.findClass(URLClassLoader.java:381)
	at java.lang.ClassLoader.loadClass(ClassLoader.java:424)
	at sun.misc.Launcher$AppClassLoader.loadClass(Launcher.java:338)
	at java.lang.ClassLoader.loadClass(ClassLoader.java:357)
	at java.lang.Class.forName0(Native Method)
	at java.lang.Class.forName(Class.java:264)
	at com.ipiecoles.java.java230.utils.TestUtils.getClasse(TestUtils.java:165)
	at com.ipiecoles.java.java230.utils.TestUtils.checkMethod(TestUtils.java:151)
	at com.ipiecoles.java.java230.repository.EmployeRepositoryTest.exo416testRequete(EmployeRepositoryTest.java:74)
</error>
  </testcase>
  <testcase name="exo402testPaging" classname="com.ipiecoles.java.java230.repository.EmployeRepositoryTest" time="0">
    <error message="com.ipiecoles.java.java230.repository.EmployeRepository" type="java.lang.ClassNotFoundException">java.lang.ClassNotFoundException: com.ipiecoles.java.java230.repository.EmployeRepository
	at java.net.URLClassLoader.findClass(URLClassLoader.java:381)
	at java.lang.ClassLoader.loadClass(ClassLoader.java:424)
	at sun.misc.Launcher$AppClassLoader.loadClass(Launcher.java:338)
	at java.lang.ClassLoader.loadClass(ClassLoader.java:357)
	at java.lang.Class.forName0(Native Method)
	at java.lang.Class.forName(Class.java:264)
	at com.ipiecoles.java.java230.utils.TestUtils.getClasse(TestUtils.java:165)
	at com.ipiecoles.java.java230.utils.TestUtils.checkImplementInterface(TestUtils.java:389)
	at com.ipiecoles.java.java230.repository.EmployeRepositoryTest.exo402testPaging(EmployeRepositoryTest.java:80)
</error>
  </testcase>
</testsuite>